<?xml version="1.0" encoding="UTF-8"?>
<testsuite xmlns:xsi="http://www.w3.org/2001/XMLSchema-instance" xsi:noNamespaceSchemaLocation="https://maven.apache.org/surefire/maven-surefire-plugin/xsd/surefire-test-report-3.0.xsd" version="3.0" name="estudodetestes.model.TrianguloTest" time="0.093" tests="15" errors="0" skipped="0" failures="0">
  <properties>
[...]
</properties>
  <testcase name="testLadoBNegativo" classname="estudodetestes.model.TrianguloTest" time="0.033"/>
  <testcase name="testTodosOsLadosZero" classname="estudodetestes.model.TrianguloTest" time="0.001"/>
  <testcase name="testSomaLadoAComLadoCMenorQueLadoB" classname="estudodetestes.model.TrianguloTest" time="0.002"/>
  <testcase name="testTrianguloComValorZero" classname="estudodetestes.model.TrianguloTest" time="0.001"/>
  <testcase name="testTrianguloIsoscelesValido" classname="estudodetestes.model.TrianguloTest" time="0.001"/>
  <testcase name="testTrianguloEquilateroValido" classname="estudodetestes.model.TrianguloTest" time="0.001"/>
  <testcase name="testSomaDeDoisLadosMenorQueOTerceiro" classname="estudodetestes.model.TrianguloTest" time="0.001"/>
  <testcase name="testTrianguloComValorNegativo" classname="estudodetestes.model.TrianguloTest" time="0.001"/>
  <testcase name="testSomaDeDoisLadosIgualAoTerceiro" classname="estudodetestes.model.TrianguloTest" time="0.001"/>
  <testcase name="testTrianguloEscalenoValido" classname="estudodetestes.model.TrianguloTest" time="0.001"/>
  <testcase name="testSomaLadoBComLadoCMenorQueLadoA" classname="estudodetestes.model.TrianguloTest" time="0.002"/>
  <testcase name="testTrianguloIsoscelesPermutacao1" classname="estudodetestes.model.TrianguloTest" time="0.001"/>
  <testcase name="testTrianguloIsoscelesPermutacao2" classname="estudodetestes.model.TrianguloTest" time="0.0"/>
  <testcase name="testLadoAZero" classname="estudodetestes.model.TrianguloTest" time="0.002"/>
  <testcase name="testLadoCZero" classname="estudodetestes.model.TrianguloTest" time="0.001"/>
</testsuite>